<?xml version="1.0" encoding="UTF-8"?>
<testng-results ignored="0" total="1" passed="1" failed="0" skipped="0">
  <reporter-output>
  </reporter-output>
  <suite started-at="2023-01-19T21:33:20 CST" name="Default suite" finished-at="2023-01-19T21:33:31 CST" duration-ms="10945">
    <groups>
    </groups>
    <test started-at="2023-01-19T21:33:20 CST" name="Default test" finished-at="2023-01-19T21:33:31 CST" duration-ms="10945">
      <class name="test.AddCustomerTest">
        <test-method signature="validCustomerShouldBeAbleToCreateCustomer()[pri:0, instance:test.AddCustomerTest@55342f40]" started-at="2023-01-19T21:33:20 CST" name="validCustomerShouldBeAbleToCreateCustomer" finished-at="2023-01-19T21:33:31 CST" duration-ms="10917" status="PASS">
          <reporter-output>
          </reporter-output>
        </test-method> <!-- validCustomerShouldBeAbleToCreateCustomer -->
      </class> <!-- test.AddCustomerTest -->
    </test> <!-- Default test -->
  </suite> <!-- Default suite -->
</testng-results>
